mode: set
zpui/internal/updater/backup.go:33.53,38.2 1 0
zpui/internal/updater/backup.go:40.117,46.54 5 0
zpui/internal/updater/backup.go:46.54,48.3 1 0
zpui/internal/updater/backup.go:50.2,51.28 2 0
zpui/internal/updater/backup.go:51.28,52.49 1 0
zpui/internal/updater/backup.go:52.49,53.12 1 0
zpui/internal/updater/backup.go:55.3,57.17 3 0
zpui/internal/updater/backup.go:57.17,59.4 1 0
zpui/internal/updater/backup.go:60.3,60.56 1 0
zpui/internal/updater/backup.go:60.56,62.4 1 0
zpui/internal/updater/backup.go:63.3,63.32 1 0
zpui/internal/updater/backup.go:66.2,79.19 5 0
zpui/internal/updater/backup.go:82.65,87.16 4 0
zpui/internal/updater/backup.go:87.16,89.3 1 0
zpui/internal/updater/backup.go:91.2,92.53 2 0
zpui/internal/updater/backup.go:92.53,94.3 1 0
zpui/internal/updater/backup.go:96.2,97.16 2 0
zpui/internal/updater/backup.go:97.16,99.3 1 0
zpui/internal/updater/backup.go:101.2,101.28 1 0
zpui/internal/updater/backup.go:101.28,102.52 1 0
zpui/internal/updater/backup.go:102.52,103.12 1 0
zpui/internal/updater/backup.go:105.3,108.17 4 0
zpui/internal/updater/backup.go:108.17,110.4 1 0
zpui/internal/updater/backup.go:111.3,111.55 1 0
zpui/internal/updater/backup.go:111.55,113.4 1 0
zpui/internal/updater/backup.go:116.2,116.12 1 0
zpui/internal/updater/backup.go:119.70,123.16 3 0
zpui/internal/updater/backup.go:123.16,125.3 1 0
zpui/internal/updater/backup.go:127.2,127.28 1 0
zpui/internal/updater/backup.go:127.28,128.17 1 0
zpui/internal/updater/backup.go:128.17,129.12 1 0
zpui/internal/updater/backup.go:131.3,133.17 3 0
zpui/internal/updater/backup.go:133.17,134.12 1 0
zpui/internal/updater/backup.go:136.3,137.54 2 0
zpui/internal/updater/backup.go:137.54,138.12 1 0
zpui/internal/updater/backup.go:140.3,140.54 1 0
zpui/internal/updater/backup.go:140.54,141.12 1 0
zpui/internal/updater/backup.go:143.3,143.33 1 0
zpui/internal/updater/backup.go:146.2,146.41 1 0
zpui/internal/updater/backup.go:146.41,148.3 1 0
zpui/internal/updater/backup.go:150.2,150.15 1 0
zpui/internal/updater/backup.go:153.85,157.54 3 0
zpui/internal/updater/backup.go:157.54,159.3 1 0
zpui/internal/updater/backup.go:161.2,161.29 1 0
zpui/internal/updater/backup.go:161.29,162.57 1 0
zpui/internal/updater/backup.go:162.57,164.4 1 0
zpui/internal/updater/backup.go:167.2,174.45 3 0
zpui/internal/updater/backup.go:177.75,180.16 3 0
zpui/internal/updater/backup.go:180.16,182.3 1 0
zpui/internal/updater/backup.go:184.2,185.55 2 0
zpui/internal/updater/backup.go:185.55,187.3 1 0
zpui/internal/updater/backup.go:189.2,189.29 1 0
zpui/internal/updater/backup.go:189.29,190.57 1 0
zpui/internal/updater/backup.go:190.57,192.4 1 0
zpui/internal/updater/backup.go:194.2,194.14 1 0
zpui/internal/updater/backup.go:197.80,200.16 3 0
zpui/internal/updater/backup.go:200.16,202.3 1 0
zpui/internal/updater/backup.go:204.2,205.55 2 0
zpui/internal/updater/backup.go:205.55,207.3 1 0
zpui/internal/updater/backup.go:209.2,210.29 2 0
zpui/internal/updater/backup.go:210.29,211.57 1 0
zpui/internal/updater/backup.go:211.57,213.4 1 0
zpui/internal/updater/backup.go:216.2,217.44 2 0
zpui/internal/updater/backup.go:220.65,223.16 3 0
zpui/internal/updater/backup.go:223.16,225.3 1 0
zpui/internal/updater/backup.go:227.2,228.55 2 0
zpui/internal/updater/backup.go:228.55,230.3 1 0
zpui/internal/updater/backup.go:232.2,232.16 1 0
zpui/internal/updater/cache.go:24.30,28.2 3 0
zpui/internal/updater/cache.go:35.29,36.24 1 0
zpui/internal/updater/cache.go:36.24,38.3 1 0
zpui/internal/updater/cache.go:39.2,39.61 1 0
zpui/internal/updater/cache.go:42.55,44.13 2 0
zpui/internal/updater/cache.go:44.13,46.3 1 0
zpui/internal/updater/cache.go:47.2,48.16 2 0
zpui/internal/updater/cache.go:48.16,50.3 1 0
zpui/internal/updater/cache.go:51.2,52.38 2 0
zpui/internal/updater/cache.go:52.38,55.3 2 0
zpui/internal/updater/cache.go:56.2,56.8 1 0
zpui/internal/updater/cache.go:59.52,61.42 2 0
zpui/internal/updater/cache.go:61.42,63.3 1 0
zpui/internal/updater/cache.go:64.2,65.16 2 0
zpui/internal/updater/cache.go:65.16,67.3 1 0
zpui/internal/updater/cache.go:68.2,68.29 1 0
zpui/internal/updater/cache.go:72.61,80.2 7 0
zpui/internal/updater/downloader.go:23.41,25.29 2 0
zpui/internal/updater/downloader.go:25.29,27.3 1 0
zpui/internal/updater/downloader.go:28.2,28.74 1 0
zpui/internal/updater/downloader.go:39.44,41.84 2 0
zpui/internal/updater/downloader.go:41.84,43.3 1 0
zpui/internal/updater/downloader.go:44.2,44.69 1 0
zpui/internal/updater/downloader.go:47.86,49.17 2 0
zpui/internal/updater/downloader.go:49.17,51.3 1 0
zpui/internal/updater/downloader.go:52.2,52.78 1 0
zpui/internal/updater/downloader.go:52.78,54.3 1 0
zpui/internal/updater/downloader.go:55.2,58.17 4 0
zpui/internal/updater/downloader.go:58.17,60.3 1 0
zpui/internal/updater/downloader.go:61.2,67.8 1 0
zpui/internal/updater/downloader.go:70.84,73.16 3 0
zpui/internal/updater/downloader.go:73.16,75.3 1 0
zpui/internal/updater/downloader.go:76.2,79.16 3 0
zpui/internal/updater/downloader.go:79.16,81.3 1 0
zpui/internal/updater/downloader.go:82.2,84.38 2 0
zpui/internal/updater/downloader.go:84.38,86.3 1 0
zpui/internal/updater/downloader.go:88.2,90.16 3 0
zpui/internal/updater/downloader.go:90.16,92.3 1 0
zpui/internal/updater/downloader.go:93.2,101.16 4 0
zpui/internal/updater/downloader.go:101.16,103.3 1 0
zpui/internal/updater/downloader.go:105.2,105.21 1 0
zpui/internal/updater/downloader.go:105.21,107.3 1 0
zpui/internal/updater/downloader.go:108.2,108.12 1 0
zpui/internal/updater/downloader.go:111.63,113.31 2 0
zpui/internal/updater/downloader.go:113.31,115.3 1 0
zpui/internal/updater/downloader.go:117.2,122.16 5 0
zpui/internal/updater/downloader.go:122.16,124.3 1 0
zpui/internal/updater/downloader.go:125.2,127.38 2 0
zpui/internal/updater/downloader.go:127.38,129.3 1 0
zpui/internal/updater/downloader.go:131.2,132.16 2 0
zpui/internal/updater/downloader.go:132.16,134.3 1 0
zpui/internal/updater/downloader.go:136.2,136.34 1 0
zpui/internal/updater/downloader.go:139.57,141.2 1 0
zpui/internal/updater/downloader.go:143.121,144.25 1 0
zpui/internal/updater/downloader.go:144.25,146.3 1 0
zpui/internal/updater/downloader.go:147.2,148.9 2 0
zpui/internal/updater/downloader.go:148.9,150.3 1 0
zpui/internal/updater/downloader.go:151.2,152.16 2 0
zpui/internal/updater/downloader.go:152.16,154.3 1 0
zpui/internal/updater/downloader.go:155.2,155.9 1 0
zpui/internal/updater/downloader.go:155.9,157.3 1 0
zpui/internal/updater/downloader.go:158.2,158.12 1 0
zpui/internal/updater/mod_update.go:30.90,31.22 1 0
zpui/internal/updater/mod_update.go:31.22,36.3 1 0
zpui/internal/updater/mod_update.go:39.2,40.45 2 0
zpui/internal/updater/mod_update.go:40.45,45.3 1 0
zpui/internal/updater/mod_update.go:48.2,49.21 2 0
zpui/internal/updater/mod_update.go:49.21,54.3 1 0
zpui/internal/updater/mod_update.go:56.2,67.8 2 0
zpui/internal/updater/mod_update.go:70.61,84.16 10 0
zpui/internal/updater/mod_update.go:84.16,86.3 1 0
zpui/internal/updater/mod_update.go:87.2,89.28 2 0
zpui/internal/updater/mod_update.go:89.28,92.3 1 0
zpui/internal/updater/mod_update.go:94.2,101.64 2 0
zpui/internal/updater/mod_update.go:101.64,103.3 1 0
zpui/internal/updater/mod_update.go:105.2,107.31 3 0
zpui/internal/updater/mod_update.go:107.31,108.76 1 0
zpui/internal/updater/mod_update.go:108.76,110.9 2 0
zpui/internal/updater/mod_update.go:114.2,114.29 1 0
zpui/internal/updater/mod_update.go:117.58,125.16 7 0
zpui/internal/updater/mod_update.go:125.16,127.3 1 0
zpui/internal/updater/mod_update.go:128.2,130.28 2 0
zpui/internal/updater/mod_update.go:130.28,132.3 1 0
zpui/internal/updater/mod_update.go:134.2,137.83 2 0
zpui/internal/updater/mod_update.go:137.83,139.3 1 0
zpui/internal/updater/mod_update.go:141.2,141.50 1 0
zpui/internal/updater/mod_update.go:144.58,145.23 1 0
zpui/internal/updater/mod_update.go:145.23,147.3 1 0
zpui/internal/updater/mod_update.go:149.2,151.16 3 0
zpui/internal/updater/mod_update.go:151.16,153.3 1 0
zpui/internal/updater/mod_update.go:154.2,158.81 3 0
zpui/internal/updater/mod_update.go:158.81,160.3 1 0
zpui/internal/updater/mod_update.go:162.2,164.16 3 0
zpui/internal/updater/mod_update.go:164.16,166.3 1 0
zpui/internal/updater/mod_update.go:168.2,168.43 1 0
zpui/internal/updater/satellite.go:55.45,57.16 2 0
zpui/internal/updater/satellite.go:57.16,59.18 2 0
zpui/internal/updater/satellite.go:59.18,61.4 1 0
zpui/internal/updater/satellite.go:62.3,65.9 1 0
zpui/internal/updater/satellite.go:67.2,67.18 1 0
zpui/internal/updater/satellite.go:72.51,74.16 2 0
zpui/internal/updater/satellite.go:74.16,77.18 3 0
zpui/internal/updater/satellite.go:77.18,79.4 1 0
zpui/internal/updater/satellite.go:80.3,81.18 2 0
zpui/internal/updater/satellite.go:81.18,83.4 1 0
zpui/internal/updater/satellite.go:84.3,85.39 2 0
zpui/internal/updater/satellite.go:85.39,87.4 1 0
zpui/internal/updater/satellite.go:88.3,90.51 3 0
zpui/internal/updater/satellite.go:90.51,92.4 1 0
zpui/internal/updater/satellite.go:93.3,96.9 1 0
zpui/internal/updater/satellite.go:98.2,98.18 1 0
zpui/internal/updater/satellite.go:124.69,129.16 4 0
zpui/internal/updater/satellite.go:129.16,131.3 1 0
zpui/internal/updater/satellite.go:132.2,135.16 3 0
zpui/internal/updater/satellite.go:135.16,137.3 1 0
zpui/internal/updater/satellite.go:138.2,140.38 2 0
zpui/internal/updater/satellite.go:140.38,142.3 1 0
zpui/internal/updater/satellite.go:144.2,145.64 2 0
zpui/internal/updater/satellite.go:145.64,147.3 1 0
zpui/internal/updater/satellite.go:148.2,148.28 1 0
zpui/internal/updater/satellite.go:148.28,150.3 1 0
zpui/internal/updater/satellite.go:152.2,156.32 4 0
zpui/internal/updater/satellite.go:156.32,157.27 1 0
zpui/internal/updater/satellite.go:157.27,159.9 2 0
zpui/internal/updater/satellite.go:162.2,162.19 1 0
zpui/internal/updater/satellite.go:162.19,164.3 1 0
zpui/internal/updater/satellite.go:166.2,172.8 1 0
zpui/internal/updater/satellite.go:175.45,176.32 1 0
zpui/internal/updater/satellite.go:176.32,177.27 1 0
zpui/internal/updater/satellite.go:177.27,179.22 2 0
zpui/internal/updater/satellite.go:179.22,181.5 1 0
zpui/internal/updater/satellite.go:184.2,185.20 2 0
zpui/internal/updater/satellite.go:185.20,187.3 1 0
zpui/internal/updater/satellite.go:188.2,188.20 1 0
zpui/internal/updater/satellite.go:195.33,200.26 5 0
zpui/internal/updater/satellite.go:200.26,202.14 2 0
zpui/internal/updater/satellite.go:202.14,204.4 1 0
zpui/internal/updater/satellite.go:206.2,208.34 3 0
zpui/internal/updater/satellite.go:220.58,222.16 2 0
zpui/internal/updater/satellite.go:222.16,224.3 1 0
zpui/internal/updater/satellite.go:225.2,227.17 3 0
zpui/internal/updater/satellite.go:232.47,234.64 2 0
zpui/internal/updater/satellite.go:234.64,238.3 3 0
zpui/internal/updater/satellite.go:239.2,243.31 4 0
zpui/internal/updater/satellite.go:243.31,245.3 1 0
zpui/internal/updater/satellite.go:247.2,249.16 3 0
zpui/internal/updater/satellite.go:249.16,251.3 1 0
zpui/internal/updater/satellite.go:252.2,252.16 1 0
zpui/internal/updater/satellite.go:252.16,254.3 1 0
zpui/internal/updater/satellite.go:255.2,256.16 2 0
zpui/internal/updater/satellite.go:256.16,257.53 1 0
zpui/internal/updater/satellite.go:257.53,260.4 2 0
zpui/internal/updater/satellite.go:261.3,261.18 1 0
zpui/internal/updater/satellite.go:263.2,265.25 2 0
zpui/internal/updater/satellite.go:266.30,267.53 1 0
zpui/internal/updater/satellite.go:267.53,270.4 2 0
zpui/internal/updater/satellite.go:271.3,271.55 1 0
zpui/internal/updater/satellite.go:272.21,274.17 2 0
zpui/internal/updater/satellite.go:274.17,275.54 1 0
zpui/internal/updater/satellite.go:275.54,277.5 1 0
zpui/internal/updater/satellite.go:278.4,278.71 1 0
zpui/internal/updater/satellite.go:280.3,281.51 2 0
zpui/internal/updater/satellite.go:281.51,283.4 1 0
zpui/internal/updater/satellite.go:284.3,285.19 2 0
zpui/internal/updater/satellite.go:286.10,287.53 1 0
zpui/internal/updater/satellite.go:287.53,289.4 1 0
zpui/internal/updater/satellite.go:290.3,290.85 1 0
zpui/internal/updater/satellite.go:296.54,297.20 1 0
zpui/internal/updater/satellite.go:297.20,299.3 1 0
zpui/internal/updater/satellite.go:300.2,301.51 2 0
zpui/internal/updater/satellite.go:301.51,303.3 1 0
zpui/internal/updater/satellite.go:304.2,304.23 1 0
zpui/internal/updater/satellite.go:304.23,306.3 1 0
zpui/internal/updater/satellite.go:307.2,307.13 1 0
zpui/internal/updater/satellite.go:310.59,311.27 1 0
zpui/internal/updater/satellite.go:311.27,312.21 1 0
zpui/internal/updater/satellite.go:312.21,314.4 1 0
zpui/internal/updater/satellite.go:316.2,316.11 1 0
zpui/internal/updater/satellite.go:320.53,322.2 1 0
zpui/internal/updater/satellite.go:324.59,327.16 3 0
zpui/internal/updater/satellite.go:327.16,329.3 1 0
zpui/internal/updater/satellite.go:330.2,332.16 3 0
zpui/internal/updater/satellite.go:332.16,334.3 1 0
zpui/internal/updater/satellite.go:335.2,337.38 2 0
zpui/internal/updater/satellite.go:337.38,339.3 1 0
zpui/internal/updater/satellite.go:341.2,342.86 2 0
zpui/internal/updater/satellite.go:342.86,344.3 1 0
zpui/internal/updater/satellite.go:345.2,345.17 1 0
zpui/internal/updater/satellite.go:348.106,350.16 2 0
zpui/internal/updater/satellite.go:350.16,352.3 1 0
zpui/internal/updater/satellite.go:354.2,371.28 5 0
zpui/internal/updater/satellite.go:371.28,383.3 4 0
zpui/internal/updater/satellite.go:385.2,385.20 1 0
zpui/internal/updater/satellite.go:388.47,396.9 3 0
zpui/internal/updater/satellite.go:396.9,398.3 1 0
zpui/internal/updater/satellite.go:400.2,403.55 3 0
zpui/internal/updater/satellite.go:403.55,405.3 1 0
zpui/internal/updater/satellite.go:407.2,408.32 2 0
zpui/internal/updater/satellite.go:408.32,410.3 1 0
zpui/internal/updater/satellite.go:411.2,411.69 1 0
zpui/internal/updater/satellite.go:411.69,413.3 1 0
zpui/internal/updater/satellite.go:415.2,416.47 2 0
zpui/internal/updater/satellite.go:416.47,419.3 2 0
zpui/internal/updater/satellite.go:421.2,421.65 1 0
zpui/internal/updater/satellite.go:421.65,424.3 2 0
zpui/internal/updater/satellite.go:426.2,427.12 2 0
zpui/internal/updater/satellite.go:430.63,432.16 2 0
zpui/internal/updater/satellite.go:432.16,434.3 1 0
zpui/internal/updater/satellite.go:435.2,437.27 2 0
zpui/internal/updater/satellite.go:437.27,438.57 1 0
zpui/internal/updater/satellite.go:438.57,440.18 2 0
zpui/internal/updater/satellite.go:440.18,442.5 1 0
zpui/internal/updater/satellite.go:443.4,446.18 3 0
zpui/internal/updater/satellite.go:446.18,448.5 1 0
zpui/internal/updater/satellite.go:449.4,452.14 3 0
zpui/internal/updater/satellite.go:456.2,456.61 1 0
zpui/internal/updater/satellite.go:459.43,462.16 3 0
zpui/internal/updater/satellite.go:462.16,464.3 1 0
zpui/internal/updater/satellite.go:465.2,467.16 3 0
zpui/internal/updater/satellite.go:467.16,469.3 1 0
zpui/internal/updater/satellite.go:470.2,472.38 2 0
zpui/internal/updater/satellite.go:472.38,474.3 1 0
zpui/internal/updater/satellite.go:476.2,477.16 2 0
zpui/internal/updater/satellite.go:477.16,479.3 1 0
zpui/internal/updater/satellite.go:480.2,482.12 3 0
zpui/internal/updater/verifier.go:18.49,20.16 2 0
zpui/internal/updater/verifier.go:20.16,22.3 1 0
zpui/internal/updater/verifier.go:23.2,26.41 3 0
zpui/internal/updater/verifier.go:26.41,28.3 1 0
zpui/internal/updater/verifier.go:29.2,29.44 1 0
zpui/internal/updater/verifier.go:32.68,33.26 1 0
zpui/internal/updater/verifier.go:33.26,35.3 1 0
zpui/internal/updater/verifier.go:36.2,37.16 2 0
zpui/internal/updater/verifier.go:37.16,39.3 1 0
zpui/internal/updater/verifier.go:40.2,40.74 1 0
zpui/internal/updater/verifier.go:43.59,46.29 3 0
zpui/internal/updater/verifier.go:46.29,48.49 2 0
zpui/internal/updater/verifier.go:48.49,49.12 1 0
zpui/internal/updater/verifier.go:52.3,56.21 4 0
zpui/internal/updater/verifier.go:56.21,57.12 1 0
zpui/internal/updater/verifier.go:60.3,63.48 3 0
zpui/internal/updater/verifier.go:63.48,65.62 2 0
zpui/internal/updater/verifier.go:65.62,70.5 4 0
zpui/internal/updater/verifier.go:71.9,73.4 1 0
zpui/internal/updater/verifier.go:75.3,80.4 2 0
zpui/internal/updater/verifier.go:82.2,82.15 1 0
zpui/internal/updater/verifier.go:92.56,95.40 3 0
zpui/internal/updater/verifier.go:95.40,97.42 2 0
zpui/internal/updater/verifier.go:97.42,100.4 2 0
zpui/internal/updater/verifier.go:102.2,102.15 1 0
zpui/internal/updater/version.go:10.40,15.44 5 1
zpui/internal/updater/version.go:15.44,17.3 1 1
zpui/internal/updater/version.go:18.2,18.10 1 1
zpui/internal/updater/version.go:30.39,36.17 6 1
zpui/internal/updater/version.go:36.17,38.3 1 1
zpui/internal/updater/version.go:39.2,39.25 1 1
zpui/internal/updater/version.go:39.25,41.18 2 1
zpui/internal/updater/version.go:41.18,43.4 1 1
zpui/internal/updater/version.go:44.3,44.18 1 1
zpui/internal/updater/version.go:44.18,46.4 1 1
zpui/internal/updater/version.go:47.3,49.14 3 1
zpui/internal/updater/version.go:49.14,51.4 1 1
zpui/internal/updater/version.go:52.3,52.14 1 1
zpui/internal/updater/version.go:52.14,54.4 1 1
zpui/internal/updater/version.go:55.3,55.45 1 1
zpui/internal/updater/version.go:55.45,57.4 1 1
zpui/internal/updater/version.go:59.2,59.10 1 1
zpui/internal/updater/version.go:64.43,66.47 2 1
zpui/internal/updater/version.go:66.47,68.3 1 1
zpui/internal/updater/version.go:69.2,70.19 2 1
zpui/internal/updater/version.go:74.43,76.2 1 1
zpui/internal/updater/version.go:79.38,81.2 1 0
zpui/internal/updater/version.go:85.40,89.2 3 0
zpui/internal/updater/version.go:92.43,93.27 1 0
zpui/internal/updater/version.go:93.27,95.3 1 0
zpui/internal/updater/version.go:96.2,96.17 1 0
zpui/internal/updater/version.go:108.59,111.14 3 1
zpui/internal/updater/version.go:111.14,113.3 1 1
zpui/internal/updater/version.go:114.2,114.14 1 1
zpui/internal/updater/version.go:114.14,116.3 1 1
zpui/internal/updater/version.go:117.2,117.34 1 1
zpui/internal/updater/version.go:117.34,119.3 1 1
zpui/internal/updater/version.go:120.2,120.17 1 1
zpui/internal/updater/yandex_disk.go:71.70,74.23 3 0
zpui/internal/updater/yandex_disk.go:74.23,76.10 1 0
zpui/internal/updater/yandex_disk.go:77.9,81.23 4 0
zpui/internal/updater/yandex_disk.go:81.23,83.10 1 0
zpui/internal/updater/yandex_disk.go:84.9,88.23 4 0
zpui/internal/updater/yandex_disk.go:88.23,90.10 1 0
zpui/internal/updater/yandex_disk.go:91.9,93.45 2 0
zpui/internal/updater/yandex_disk.go:93.45,96.10 2 0
zpui/internal/updater/yandex_disk.go:98.9,99.92 2 0
zpui/internal/updater/yandex_disk.go:99.92,101.10 1 0
zpui/internal/updater/yandex_disk.go:102.9,102.30 1 0
zpui/internal/updater/yandex_disk.go:102.30,104.10 1 0
zpui/internal/updater/yandex_disk.go:105.9,105.37 1 0
zpui/internal/updater/yandex_disk.go:111.80,113.23 2 0
zpui/internal/updater/yandex_disk.go:113.23,115.10 1 0
zpui/internal/updater/yandex_disk.go:116.9,116.34 1 0
zpui/internal/updater/yandex_disk.go:116.34,117.78 1 0
zpui/internal/updater/yandex_disk.go:117.78,119.18 1 0
zpui/internal/updater/yandex_disk.go:121.9,121.24 1 0
zpui/internal/updater/yandex_disk.go:126.86,128.23 2 0
zpui/internal/updater/yandex_disk.go:128.23,130.10 1 0
zpui/internal/updater/yandex_disk.go:131.9,131.34 1 0
zpui/internal/updater/yandex_disk.go:131.34,132.110 1 0
zpui/internal/updater/yandex_disk.go:132.110,134.18 1 0
zpui/internal/updater/yandex_disk.go:136.9,136.24 1 0
zpui/internal/updater/yandex_disk.go:143.75,144.28 1 0
zpui/internal/updater/yandex_disk.go:144.28,146.10 1 0
zpui/internal/updater/yandex_disk.go:149.9,150.23 2 0
zpui/internal/updater/yandex_disk.go:150.23,152.42 2 0
zpui/internal/updater/yandex_disk.go:152.42,153.45 1 0
zpui/internal/updater/yandex_disk.go:153.45,154.41 1 0
zpui/internal/updater/yandex_disk.go:157.25,158.93 2 0
zpui/internal/updater/yandex_disk.go:158.93,159.41 1 0
zpui/internal/updater/yandex_disk.go:162.25,162.86 1 0
zpui/internal/updater/yandex_disk.go:162.86,163.41 1 0
zpui/internal/updater/yandex_disk.go:166.25,166.53 1 0
zpui/internal/updater/yandex_disk.go:166.53,168.26 1 0
zpui/internal/updater/yandex_disk.go:168.31,169.89 1 0
zpui/internal/updater/yandex_disk.go:169.89,171.34 1 0
zpui/internal/updater/yandex_disk.go:175.17,175.45 1 0
zpui/internal/updater/yandex_disk.go:175.45,178.72 2 0
zpui/internal/updater/yandex_disk.go:178.72,180.83 2 0
zpui/internal/updater/yandex_disk.go:180.83,182.133 2 0
zpui/internal/updater/yandex_disk.go:182.133,185.42 2 0
zpui/internal/updater/yandex_disk.go:187.33,187.48 1 0
zpui/internal/updater/yandex_disk.go:187.48,189.34 1 0
zpui/internal/updater/yandex_disk.go:195.9,196.23 2 0
zpui/internal/updater/yandex_disk.go:196.23,198.10 1 0
zpui/internal/updater/yandex_disk.go:199.9,199.41 1 0
zpui/internal/updater/yandex_disk.go:199.41,201.10 1 0
zpui/internal/updater/yandex_disk.go:203.9,204.23 2 0
zpui/internal/updater/yandex_disk.go:204.23,206.10 1 0
zpui/internal/updater/yandex_disk.go:207.9,208.45 2 0
zpui/internal/updater/yandex_disk.go:208.45,210.10 1 0
zpui/internal/updater/yandex_disk.go:212.9,213.93 2 0
zpui/internal/updater/yandex_disk.go:213.93,215.10 1 0
zpui/internal/updater/yandex_disk.go:216.9,216.24 1 0
zpui/internal/updater/yandex_disk.go:228.82,229.28 1 0
zpui/internal/updater/yandex_disk.go:229.28,231.10 1 0
zpui/internal/updater/yandex_disk.go:234.9,235.27 2 0
zpui/internal/updater/yandex_disk.go:235.27,238.42 2 0
zpui/internal/updater/yandex_disk.go:238.42,239.45 1 0
zpui/internal/updater/yandex_disk.go:239.45,240.41 1 0
zpui/internal/updater/yandex_disk.go:242.25,243.94 2 0
zpui/internal/updater/yandex_disk.go:243.94,244.41 1 0
zpui/internal/updater/yandex_disk.go:247.25,247.46 1 0
zpui/internal/updater/yandex_disk.go:247.46,249.26 1 0
zpui/internal/updater/yandex_disk.go:249.31,252.88 3 0
zpui/internal/updater/yandex_disk.go:252.88,254.34 1 0
zpui/internal/updater/yandex_disk.go:258.17,258.38 1 0
zpui/internal/updater/yandex_disk.go:258.38,261.57 2 0
zpui/internal/updater/yandex_disk.go:261.57,263.26 1 0
zpui/internal/updater/yandex_disk.go:268.9,269.23 2 0
zpui/internal/updater/yandex_disk.go:269.23,271.10 1 0
zpui/internal/updater/yandex_disk.go:272.9,272.23 1 0
zpui/internal/updater/yandex_disk.go:272.23,274.10 1 0
zpui/internal/updater/yandex_disk.go:275.9,275.39 1 0
zpui/internal/updater/yandex_disk.go:282.51,283.21 1 0
zpui/internal/updater/yandex_disk.go:283.21,285.3 1 0
zpui/internal/updater/yandex_disk.go:286.2,287.16 2 0
zpui/internal/updater/yandex_disk.go:287.16,289.3 1 0
zpui/internal/updater/yandex_disk.go:290.2,292.27 3 0
zpui/internal/updater/yandex_disk.go:292.27,293.23 1 0
zpui/internal/updater/yandex_disk.go:293.23,294.12 1 0
zpui/internal/updater/yandex_disk.go:296.3,297.64 2 0
zpui/internal/updater/yandex_disk.go:297.64,298.12 1 0
zpui/internal/updater/yandex_disk.go:300.3,301.14 2 0
zpui/internal/updater/yandex_disk.go:301.14,302.12 1 0
zpui/internal/updater/yandex_disk.go:304.3,304.55 1 0
zpui/internal/updater/yandex_disk.go:304.55,307.4 2 0
zpui/internal/updater/yandex_disk.go:309.2,310.16 2 0
zpui/internal/updater/yandex_disk.go:315.57,320.2 4 0
zpui/internal/updater/yandex_disk.go:324.78,334.23 6 0
zpui/internal/updater/yandex_disk.go:334.23,336.10 1 0
zpui/internal/updater/yandex_disk.go:337.9,340.23 3 0
zpui/internal/updater/yandex_disk.go:340.23,342.10 1 0
zpui/internal/updater/yandex_disk.go:343.9,345.45 2 0
zpui/internal/updater/yandex_disk.go:345.45,348.10 2 0
zpui/internal/updater/yandex_disk.go:350.9,353.92 2 0
zpui/internal/updater/yandex_disk.go:353.92,355.10 1 0
zpui/internal/updater/yandex_disk.go:356.9,356.27 1 0
zpui/internal/updater/yandex_disk.go:363.74,364.28 1 0
zpui/internal/updater/yandex_disk.go:364.28,366.10 1 0
zpui/internal/updater/yandex_disk.go:369.9,369.23 1 0
zpui/internal/updater/yandex_disk.go:369.23,371.31 2 0
zpui/internal/updater/yandex_disk.go:371.31,373.18 1 0
zpui/internal/updater/yandex_disk.go:374.17,374.31 1 0
zpui/internal/updater/yandex_disk.go:374.31,376.18 1 0
zpui/internal/updater/yandex_disk.go:377.17,377.37 1 0
zpui/internal/updater/yandex_disk.go:381.9,382.23 2 0
zpui/internal/updater/yandex_disk.go:382.23,384.42 2 0
zpui/internal/updater/yandex_disk.go:384.42,385.45 1 0
zpui/internal/updater/yandex_disk.go:385.45,386.41 1 0
zpui/internal/updater/yandex_disk.go:388.25,389.93 2 0
zpui/internal/updater/yandex_disk.go:389.93,390.41 1 0
zpui/internal/updater/yandex_disk.go:392.25,392.86 1 0
zpui/internal/updater/yandex_disk.go:392.86,393.41 1 0
zpui/internal/updater/yandex_disk.go:395.25,395.53 1 0
zpui/internal/updater/yandex_disk.go:395.53,397.26 1 0
zpui/internal/updater/yandex_disk.go:397.31,398.89 1 0
zpui/internal/updater/yandex_disk.go:398.89,400.34 1 0
zpui/internal/updater/yandex_disk.go:404.17,404.45 1 0
zpui/internal/updater/yandex_disk.go:404.45,406.72 2 0
zpui/internal/updater/yandex_disk.go:406.72,408.26 1 0
zpui/internal/updater/yandex_disk.go:413.9,414.23 2 0
zpui/internal/updater/yandex_disk.go:414.23,416.10 1 0
zpui/internal/updater/yandex_disk.go:417.9,417.23 1 0
zpui/internal/updater/yandex_disk.go:417.23,419.10 1 0
zpui/internal/updater/yandex_disk.go:420.9,420.29 1 0
zpui/internal/updater/yandex_disk.go:424.88,425.28 1 0
zpui/internal/updater/yandex_disk.go:425.28,427.10 1 0
zpui/internal/updater/yandex_disk.go:428.9,429.23 2 0
zpui/internal/updater/yandex_disk.go:429.23,431.10 1 0
zpui/internal/updater/yandex_disk.go:432.9,432.23 1 0
zpui/internal/updater/yandex_disk.go:432.23,434.10 1 0
zpui/internal/updater/yandex_disk.go:435.9,435.39 1 0
zpui/internal/updater/yandex_disk.go:440.57,443.23 3 0
zpui/internal/updater/yandex_disk.go:443.23,445.10 1 0
zpui/internal/updater/yandex_disk.go:446.9,448.23 3 0
zpui/internal/updater/yandex_disk.go:448.23,450.10 1 0
zpui/internal/updater/yandex_disk.go:451.9,452.45 2 0
zpui/internal/updater/yandex_disk.go:452.45,454.10 1 0
zpui/internal/updater/yandex_disk.go:456.9,457.23 2 0
zpui/internal/updater/yandex_disk.go:457.23,459.10 1 0
zpui/internal/updater/yandex_disk.go:460.9,462.12 3 0
zpui/internal/updater/yandex_disk.go:475.57,477.16 2 0
zpui/internal/updater/yandex_disk.go:477.16,479.3 1 0
zpui/internal/updater/yandex_disk.go:480.2,480.15 1 0
zpui/internal/updater/yandex_disk.go:480.15,482.3 1 0
zpui/internal/updater/yandex_disk.go:483.2,484.57 2 0
zpui/internal/updater/yandex_disk.go:484.57,486.3 1 0
zpui/internal/updater/yandex_disk.go:487.2,489.16 3 0
zpui/internal/updater/yandex_disk.go:489.16,491.3 1 0
zpui/internal/updater/yandex_disk.go:492.2,492.45 1 0
zpui/internal/updater/yandex_disk.go:496.63,498.16 2 0
zpui/internal/updater/yandex_disk.go:498.16,500.3 1 0
zpui/internal/updater/yandex_disk.go:501.2,501.15 1 0
zpui/internal/updater/yandex_disk.go:501.15,503.3 1 0
zpui/internal/updater/yandex_disk.go:504.2,504.38 1 0
zpui/internal/updater/yandex_disk.go:509.50,511.74 2 0
zpui/internal/updater/yandex_disk.go:511.74,513.3 1 0
zpui/internal/updater/yandex_disk.go:514.2,517.44 4 0
zpui/internal/updater/yandex_disk.go:517.44,519.3 1 0
zpui/internal/updater/yandex_disk.go:520.2,520.36 1 0
